<?xml version="1.0" encoding="UTF-8"?>
<testsuite xmlns:xsi="http://www.w3.org/2001/XMLSchema-instance" xsi:noNamespaceSchemaLocation="https://maven.apache.org/surefire/maven-surefire-plugin/xsd/surefire-test-report-3.0.xsd" version="3.0" name="com.universidad.autenticacion.controllers.LoginControllerTest" time="2.287" tests="3" errors="0" skipped="0" failures="0">
  <properties>
[...]
</properties>
  <testcase name="login_DebeMostrarError_CuandoCredencialesSonIncorrectas" classname="com.universidad.autenticacion.controllers.LoginControllerTest" time="0.483">
    <system-out><![CDATA[20:31:39.338 [main] INFO org.springframework.test.context.support.AnnotationConfigContextLoaderUtils -- Could not detect default configuration classes for test class [com.universidad.autenticacion.controllers.LoginControllerTest]: LoginControllerTest does not declare any static, non-private, non-final, nested classes annotated with @Configuration.
20:31:39.385 [main] INFO org.springframework.boot.test.context.SpringBootTestContextBootstrapper -- Found @SpringBootConfiguration com.universidad.autenticacion.Application for test class com.universidad.autenticacion.controllers.LoginControllerTest

  .   ____          _            __ _ _
 /\\ / ___'_ __ _ _(_)_ __  __ _ \ \ \ \
( ( )\___ | '_ | '_| | '_ \/ _` | \ \ \ \
 \\/  ___)| |_)| | | | | || (_| |  ) ) ) )
  '  |____| .__|_| |_|_| |_\__, | / / / /
 =========|_|==============|___/=/_/_/_/
 :: Spring Boot ::                (v3.2.0)

2025-11-28T20:31:39.521-06:00  INFO 33917 --- [autenticacion] [           main] c.u.a.controllers.LoginControllerTest    : Starting LoginControllerTest using Java 17.0.17 with PID 33917 (started by jose.cisneros in /Users/jose.cisneros/Desktop/proyectofinal_login/proyecto-autenticacion)
2025-11-28T20:31:39.522-06:00  INFO 33917 --- [autenticacion] [           main] c.u.a.controllers.LoginControllerTest    : No active profile set, falling back to 1 default profile: "default"
2025-11-28T20:31:39.742-06:00  INFO 33917 --- [autenticacion] [           main] .s.d.r.c.RepositoryConfigurationDelegate : Bootstrapping Spring Data JPA repositories in DEFAULT mode.
2025-11-28T20:31:39.770-06:00  INFO 33917 --- [autenticacion] [           main] .s.d.r.c.RepositoryConfigurationDelegate : Finished Spring Data repository scanning in 24 ms. Found 1 JPA repository interface.
2025-11-28T20:31:39.977-06:00  INFO 33917 --- [autenticacion] [           main] o.hibernate.jpa.internal.util.LogHelper  : HHH000204: Processing PersistenceUnitInfo [name: default]
2025-11-28T20:31:40.003-06:00  INFO 33917 --- [autenticacion] [           main] org.hibernate.Version                    : HHH000412: Hibernate ORM core version 6.3.1.Final
2025-11-28T20:31:40.019-06:00  INFO 33917 --- [autenticacion] [           main] o.h.c.internal.RegionFactoryInitiator    : HHH000026: Second-level cache disabled
2025-11-28T20:31:40.116-06:00  INFO 33917 --- [autenticacion] [           main] o.s.o.j.p.SpringPersistenceUnitInfo      : No LoadTimeWeaver setup: ignoring JPA class transformer
2025-11-28T20:31:40.133-06:00  INFO 33917 --- [autenticacion] [           main] com.zaxxer.hikari.HikariDataSource       : HikariPool-1 - Starting...
2025-11-28T20:31:40.211-06:00  INFO 33917 --- [autenticacion] [           main] com.zaxxer.hikari.pool.HikariPool        : HikariPool-1 - Added connection conn0: url=jdbc:h2:mem:testdb user=SA
2025-11-28T20:31:40.212-06:00  INFO 33917 --- [autenticacion] [           main] com.zaxxer.hikari.HikariDataSource       : HikariPool-1 - Start completed.
2025-11-28T20:31:40.224-06:00  WARN 33917 --- [autenticacion] [           main] org.hibernate.orm.deprecation            : HHH90000025: H2Dialect does not need to be specified explicitly using 'hibernate.dialect' (remove the property setting and it will be selected by default)
2025-11-28T20:31:40.535-06:00  INFO 33917 --- [autenticacion] [           main] o.h.e.t.j.p.i.JtaPlatformInitiator       : HHH000489: No JTA platform available (set 'hibernate.transaction.jta.platform' to enable JTA platform integration)
Hibernate: create table usuarios (id bigint generated by default as identity, bloqueado boolean not null, email varchar(255) not null, fecha_creacion timestamp(6), fecha_expiracion_token timestamp(6), intentos_fallidos integer, password varchar(255) not null, token_recuperacion varchar(255), primary key (id))
Hibernate: alter table if exists usuarios drop constraint if exists UK_kfsp0s1tflm1cwlj8idhqsad0
Hibernate: alter table if exists usuarios add constraint UK_kfsp0s1tflm1cwlj8idhqsad0 unique (email)
2025-11-28T20:31:40.562-06:00  INFO 33917 --- [autenticacion] [           main] j.LocalContainerEntityManagerFactoryBean : Initialized JPA EntityManagerFactory for persistence unit 'default'
2025-11-28T20:31:40.767-06:00  WARN 33917 --- [autenticacion] [           main] JpaBaseConfiguration$JpaWebConfiguration : spring.jpa.open-in-view is enabled by default. Therefore, database queries may be performed during view rendering. Explicitly configure spring.jpa.open-in-view to disable this warning
2025-11-28T20:31:40.935-06:00  INFO 33917 --- [autenticacion] [           main] o.s.b.a.h2.H2ConsoleAutoConfiguration    : H2 console available at '/h2-console'. Database available at 'jdbc:h2:mem:testdb'
2025-11-28T20:31:40.958-06:00  INFO 33917 --- [autenticacion] [           main] o.s.b.t.m.w.SpringBootMockServletContext : Initializing Spring TestDispatcherServlet ''
2025-11-28T20:31:40.958-06:00  INFO 33917 --- [autenticacion] [           main] o.s.t.web.servlet.TestDispatcherServlet  : Initializing Servlet ''
2025-11-28T20:31:40.959-06:00  INFO 33917 --- [autenticacion] [           main] o.s.t.web.servlet.TestDispatcherServlet  : Completed initialization in 0 ms
2025-11-28T20:31:40.967-06:00  INFO 33917 --- [autenticacion] [           main] c.u.a.controllers.LoginControllerTest    : Started LoginControllerTest in 1.534 seconds (process running for 1.914)
Hibernate: select u1_0.id from usuarios u1_0 where u1_0.email=? fetch first ? rows only
Hibernate: insert into usuarios (bloqueado,email,fecha_creacion,fecha_expiracion_token,intentos_fallidos,password,token_recuperacion,id) values (?,?,?,?,?,?,?,default)
Usuario de prueba creado: admin@test.com / Pass1@
Hibernate: select u1_0.id from usuarios u1_0 where u1_0.email=? fetch first ? rows only
Hibernate: insert into usuarios (bloqueado,email,fecha_creacion,fecha_expiracion_token,intentos_fallidos,password,token_recuperacion,id) values (?,?,?,?,?,?,?,default)
Hibernate: select u1_0.id,u1_0.bloqueado,u1_0.email,u1_0.fecha_creacion,u1_0.fecha_expiracion_token,u1_0.intentos_fallidos,u1_0.password,u1_0.token_recuperacion from usuarios u1_0 where u1_0.email=?
Hibernate: update usuarios set bloqueado=?,email=?,fecha_creacion=?,fecha_expiracion_token=?,intentos_fallidos=?,password=?,token_recuperacion=? where id=?
Hibernate: select u1_0.id,u1_0.bloqueado,u1_0.email,u1_0.fecha_creacion,u1_0.fecha_expiracion_token,u1_0.intentos_fallidos,u1_0.password,u1_0.token_recuperacion from usuarios u1_0 where u1_0.email=?
]]></system-out>
  </testcase>
  <testcase name="login_DebeRedirigirADashboard_CuandoCredencialesSonCorrectas" classname="com.universidad.autenticacion.controllers.LoginControllerTest" time="0.008">
    <system-out><![CDATA[Hibernate: select u1_0.id from usuarios u1_0 where u1_0.email=? fetch first ? rows only
Hibernate: select u1_0.id,u1_0.bloqueado,u1_0.email,u1_0.fecha_creacion,u1_0.fecha_expiracion_token,u1_0.intentos_fallidos,u1_0.password,u1_0.token_recuperacion from usuarios u1_0 where u1_0.email=?
Hibernate: update usuarios set bloqueado=?,email=?,fecha_creacion=?,fecha_expiracion_token=?,intentos_fallidos=?,password=?,token_recuperacion=? where id=?
]]></system-out>
  </testcase>
  <testcase name="loginPage_DebeMostrarFormulario" classname="com.universidad.autenticacion.controllers.LoginControllerTest" time="0.009">
    <system-out><![CDATA[Hibernate: select u1_0.id from usuarios u1_0 where u1_0.email=? fetch first ? rows only
]]></system-out>
  </testcase>
</testsuite>