<?xml version="1.0" encoding="UTF-8"?>
<testsuite xmlns:xsi="http://www.w3.org/2001/XMLSchema-instance" xsi:noNamespaceSchemaLocation="https://maven.apache.org/surefire/maven-surefire-plugin/xsd/surefire-test-report-3.0.xsd" version="3.0" name="com.universidad.autenticacion.services.AutenticacionServiceTest" time="0.162" tests="5" errors="0" skipped="0" failures="0">
  <properties>
[...]
</properties>
  <testcase name="login_DebeBloquearUsuario_DespuesDe5Intentos" classname="com.universidad.autenticacion.services.AutenticacionServiceTest" time="0.147"/>
  <testcase name="login_DebeFallar_CuandoUsuarioNoExiste" classname="com.universidad.autenticacion.services.AutenticacionServiceTest" time="0.003"/>
  <testcase name="iniciarRecuperacion_DebeGenerarTokenYEnviarEmail" classname="com.universidad.autenticacion.services.AutenticacionServiceTest" time="0.004"/>
  <testcase name="login_DebeSerExitoso_CuandoCredencialesSonCorrectas" classname="com.universidad.autenticacion.services.AutenticacionServiceTest" time="0.002"/>
  <testcase name="login_DebeFallar_CuandoPasswordEsIncorrecta" classname="com.universidad.autenticacion.services.AutenticacionServiceTest" time="0.002"/>
</testsuite>